     Creating library D:\Project\Project13.2(1)\Debug\UnitTest13.2(1).lib and object D:\Project\Project13.2(1)\Debug\UnitTest13.2(1).exp
UnitTest13.2(1).obj : error LNK2019: unresolved external symbol "void __cdecl generateArray(int * const,int,int)" (?generateArray@@YAXQAHHH@Z) referenced in function "public: void __thiscall UnitTest1321::UnitTest1321::TestMethod1(void)" (?TestMethod1@UnitTest1321@1@QAEXXZ)
D:\Project\Project13.2(1)\Debug\UnitTest13.2(1).dll : fatal error LNK1120: 1 unresolved externals
